<?xml version="1.0" encoding="UTF-8"?>
<!-- Generated by org.testng.reporters.JUnitReportReporter -->
<testsuite hostname="LAPTOP-QDEMUT2I" failures="0" tests="1" name="FirstTestNG.NewTest" time="10.479" errors="0" timestamp="2019-09-18T06:46:13 IST" skipped="0">
  <testcase classname="FirstTestNG.NewTest" name="f" time="10.479"/>
</testsuite> <!-- FirstTestNG.NewTest -->
