<?xml version="1.0" encoding="UTF-8"?>
<!-- Generated by org.testng.reporters.JUnitReportReporter -->
<testsuite hostname="LAPTOP-QDEMUT2I" failures="0" tests="1" name="TestNG.NewTest" time="3.342" errors="0" timestamp="2019-09-20T06:46:16 IST" skipped="0">
  <testcase classname="TestNG.NewTest" name="f" time="3.342"/>
</testsuite> <!-- TestNG.NewTest -->
